<?xml version="1.0" encoding="UTF-8"?>
<!-- Generated by org.testng.reporters.JUnitXMLReporter -->
<testsuite hostname="pcbuilds-MacBook-Pro.local" failures="2" tests="7" name="Command line test" time="35.045" errors="0" timestamp="20 Jul 2021 05:31:05 GMT">
  <testcase classname="com.runner.TestRunner" name="runScenario" time="17.319">
    <failure type="java.lang.AssertionError" message="expected [true] but found [false]">
      <![CDATA[java.lang.AssertionError: expected [true] but found [false]
	at com.stepdefinations.CovidBattleStep.the_user_checks_his_final_score(CovidBattleStep.java:91)
	at ✽.the user checks his final score(file:///Users/xvaa2/Documents/CBA/Automation/automation-framework-bdd-for-cba/src/test/resources/features/CovidBattle.feature:12)
... Removed 4 stack frames]]>
    </failure>
  </testcase> <!-- runScenario -->
  <testcase classname="com.runner.TestRunner" name="runScenario" time="6.777">
    <failure type="org.openqa.selenium.NoSuchFrameException" message="
Build info: version: &amp;apos;3.141.59&amp;apos;, revision: &amp;apos;e82be7d358&amp;apos;, time: &amp;apos;2018-11-14T08:17:03&amp;apos;
System info: host: &amp;apos;pcbuilds-MacBook-Pro.local&amp;apos;, ip: &amp;apos;2405:6e00:1339:3400:514e:f1fe:aa7f:9bd8%en0&amp;apos;, os.name: &amp;apos;Mac OS X&amp;apos;, os.arch: &amp;apos;x86_64&amp;apos;, os.version: &amp;apos;10.15.7&amp;apos;, java.version: &amp;apos;16.0.1&amp;apos;
Driver info: org.openqa.selenium.safari.SafariDriver
Capabilities {acceptInsecureCerts: false, browserName: Safari, browserVersion: 14.0.3, javascriptEnabled: true, platform: MAC, platformName: MAC, safari:automaticInspection: false, safari:automaticProfiling: false, safari:diagnose: false, safari:platformBuildVersion: 19H114, safari:platformVersion: 10.15.7, safari:useSimulator: false, setWindowRect: true, strictFileInteractability: false, webkit:WebRTC: {DisableICECandidateFiltering: false, DisableInsecureMediaCapture: false}}
Session ID: ECDB9A9C-C27B-4595-88B6-19AC9B247558
*** Element info: {Using=css selector, value=.alpha-heading}">
      <![CDATA[org.openqa.selenium.NoSuchFrameException: 
Build info: version: '3.141.59', revision: 'e82be7d358', time: '2018-11-14T08:17:03'
System info: host: 'pcbuilds-MacBook-Pro.local', ip: '2405:6e00:1339:3400:514e:f1fe:aa7f:9bd8%en0', os.name: 'Mac OS X', os.arch: 'x86_64', os.version: '10.15.7', java.version: '16.0.1'
Driver info: org.openqa.selenium.safari.SafariDriver
Capabilities {acceptInsecureCerts: false, browserName: Safari, browserVersion: 14.0.3, javascriptEnabled: true, platform: MAC, platformName: MAC, safari:automaticInspection: false, safari:automaticProfiling: false, safari:diagnose: false, safari:platformBuildVersion: 19H114, safari:platformVersion: 10.15.7, safari:useSimulator: false, setWindowRect: true, strictFileInteractability: false, webkit:WebRTC: {DisableICECandidateFiltering: false, DisableInsecureMediaCapture: false}}
Session ID: ECDB9A9C-C27B-4595-88B6-19AC9B247558
*** Element info: {Using=css selector, value=.alpha-heading}
	at org.openqa.selenium.remote.http.W3CHttpResponseCodec.createException(W3CHttpResponseCodec.java:187)
	at org.openqa.selenium.remote.http.W3CHttpResponseCodec.decode(W3CHttpResponseCodec.java:122)
	at org.openqa.selenium.remote.http.W3CHttpResponseCodec.decode(W3CHttpResponseCodec.java:49)
	at org.openqa.selenium.remote.HttpCommandExecutor.execute(HttpCommandExecutor.java:158)
	at org.openqa.selenium.remote.service.DriverCommandExecutor.execute(DriverCommandExecutor.java:83)
	at org.openqa.selenium.remote.RemoteWebDriver.execute(RemoteWebDriver.java:552)
	at org.openqa.selenium.remote.RemoteWebDriver.findElement(RemoteWebDriver.java:323)
	at org.openqa.selenium.remote.RemoteWebDriver.findElementByCssSelector(RemoteWebDriver.java:420)
	at org.openqa.selenium.By$ByCssSelector.findElement(By.java:431)
	at org.openqa.selenium.remote.RemoteWebDriver.findElement(RemoteWebDriver.java:315)
	at com.pages.BattleFieldPage.getLnkTextHeading(BattleFieldPage.java:27)
	at com.stepdefinations.CovidBattleStep.user_selects_his_battlefield_as(CovidBattleStep.java:70)
	at ✽.user selects his battlefield as "bus"(file:///Users/xvaa2/Documents/CBA/Automation/automation-framework-bdd-for-cba/src/test/resources/features/CovidBattle.feature:10)
... Removed 5 stack frames]]>
    </failure>
  </testcase> <!-- runScenario -->
  <testcase classname="com.runner.TestRunner" name="runScenario" time="4.314"/>
  <testcase classname="com.runner.TestRunner" name="runScenario" time="1.386"/>
  <testcase classname="com.runner.TestRunner" name="runScenario" time="1.921"/>
  <testcase classname="com.runner.TestRunner" name="runScenario" time="1.46"/>
  <testcase classname="com.functional.restTest" name="mytest" time="1.159"/>
</testsuite> <!-- Command line test -->
